<?xml version="1.0" encoding="UTF-8"?>
<!-- Generated by org.testng.reporters.JUnitReportReporter -->
<testsuite skipped="0" hostname="DESKTOP-8GU1FPD" name="com.sandeep.GithubTest.GithubTest" tests="1" failures="0" timestamp="26 Aug 2020 14:34:29 GMT" time="0.014" errors="0">
  <testcase name="testWebhooks" time="0.014" classname="com.sandeep.GithubTest.GithubTest"/>
</testsuite> <!-- com.sandeep.GithubTest.GithubTest -->
